Empezando con el repositorio jjhr7/catalogo_astronomico
> Task :app:compileJava
> Task :app:processResources NO-SOURCE
> Task :app:classes
> Task :app:compileTestJava
> Task :app:processTestResources NO-SOURCE
> Task :app:testClasses

> Task :app:test FAILED

Gradle suite > Gradle test > com.example.catalogoastronomico.AstroTest.constructor_por_defecto PASSED

Gradle suite > Gradle test > com.example.catalogoastronomico.AstroTest.crear_objeto_y_getters PASSED

Gradle suite > Gradle test > com.example.catalogoastronomico.AstroTest.equals_esCorrecto PASSED

Gradle suite > Gradle test > com.example.catalogoastronomico.AstroTest.masBrillo PASSED

Gradle suite > Gradle test > com.example.catalogoastronomico.AstroTest.masDistante PASSED

Gradle suite > Gradle test > com.example.catalogoastronomico.AstroTest.setters PASSED

Gradle suite > Gradle test > com.example.catalogoastronomico.AstroTest.toString_esCorrecto PASSED

Gradle suite > Gradle test > com.example.catalogoastronomico.AstroTest.visibleCon PASSED

Gradle suite > Gradle test > com.example.catalogoastronomico.CatalogoAstronomicoTest.anade_astro_no_simple_vista PASSED

Gradle suite > Gradle test > com.example.catalogoastronomico.CatalogoAstronomicoTest.anade_astro_repetido PASSED

Gradle suite > Gradle test > com.example.catalogoastronomico.CatalogoAstronomicoTest.anade_astro_simple_vista PASSED

Gradle suite > Gradle test > com.example.catalogoastronomico.CatalogoAstronomicoTest.borrar_astro_simple_vista PASSED

Gradle suite > Gradle test > com.example.catalogoastronomico.CatalogoAstronomicoTest.buscaAstro PASSED

Gradle suite > Gradle test > com.example.catalogoastronomico.CatalogoAstronomicoTest.crear_objeto_vacio PASSED

Gradle suite > Gradle test > com.example.catalogoastronomico.CatalogoAstronomicoTest.filtraAstrosSimpleVista PASSED

Gradle suite > Gradle test > com.example.catalogoastronomico.CatalogoAstronomicoTest.primeroMasBrillanteQue PASSED

Gradle suite > Gradle test > com.example.catalogoastronomico.CatalogoAstronomicoTest.toString_esCorrecto PASSED

Gradle suite > Gradle test > com.example.catalogoastronomico.EstrellaConTipoTest.anade_astro_simple_vista PASSED

Gradle suite > Gradle test > com.example.catalogoastronomico.EstrellaConTipoTest.borrar_astro_simple_vista PASSED

Gradle suite > Gradle test > com.example.catalogoastronomico.EstrellaConTipoTest.crear_objeto_y_getters PASSED

Gradle suite > Gradle test > com.example.catalogoastronomico.EstrellaConTipoTest.equals_esCorrecto PASSED

Gradle suite > Gradle test > com.example.catalogoastronomico.EstrellaConTipoTest.setters PASSED

Gradle suite > Gradle test > com.example.catalogoastronomico.EstrellaConTipoTest.toString_esCorrecto PASSED

Gradle suite > Gradle test > com.example.catalogoastronomico.EstrellaTest.crear_objeto_y_getters PASSED

Gradle suite > Gradle test > com.example.catalogoastronomico.EstrellaTest.equals_esCorrecto PASSED

Gradle suite > Gradle test > com.example.catalogoastronomico.EstrellaTest.setters PASSED

Gradle suite > Gradle test > com.example.catalogoastronomico.EstrellaTest.toString_esCorrecto PASSED

Gradle suite > Gradle test > com.example.catalogoastronomico.GalaxiaTest.crear_objeto_y_getters PASSED

Gradle suite > Gradle test > com.example.catalogoastronomico.GalaxiaTest.equals_esCorrecto PASSED

Gradle suite > Gradle test > com.example.catalogoastronomico.GalaxiaTest.masBrillo PASSED

Gradle suite > Gradle test > com.example.catalogoastronomico.GalaxiaTest.masDistante PASSED

Gradle suite > Gradle test > com.example.catalogoastronomico.GalaxiaTest.setters PASSED

Gradle suite > Gradle test > com.example.catalogoastronomico.GalaxiaTest.toString_esCorrecto PASSED

Gradle suite > Gradle test > com.example.catalogoastronomico.GalaxiaTest.visibleCon PASSED

Gradle suite > Gradle test > com.example.catalogoastronomico.PlanetaTest.crear_objeto_y_getters PASSED

Gradle suite > Gradle test > com.example.catalogoastronomico.PlanetaTest.equals_esCorrecto PASSED

Gradle suite > Gradle test > com.example.catalogoastronomico.PlanetaTest.setters PASSED

Gradle suite > Gradle test > com.example.catalogoastronomico.PlanetaTest.toString_esCorrecto FAILED
    java.lang.AssertionError at PlanetaTest.java:51

38 tests completed, 1 failed

FAILURE: Build failed with an exception.

* What went wrong:
Execution failed for task ':app:test'.
> There were failing tests. See the report at: file:///build/resuelto/app/build/reports/tests/test/index.html

* Try:
Run with --stacktrace option to get the stack trace. Run with --info or --debug option to get more log output. Run with --scan to get full insights.

* Get more help at https://help.gradle.org

BUILD FAILED in 1s
3 actionable tasks: 3 executed
Tests pasados: 37
Tests fallidos: 1
